Command line:
   Orner_display_en_isim_beh.exe
     -simmode  gui
     -simrunnum  0
     -socket  52408

Tue Feb 02 13:47:43 2016


 Elaboration Time: 0.140401 sec

 Current Memory Usage: 681.464 Meg

 Total Signals          : 49
 Total Nets             : 33
 Total Signal Drivers   : 4
 Total Blocks           : 9
 Total Primitive Blocks : 7
 Total Processes        : 4
 Total Traceable Variables  : 13
 Total Scalar Nets and Variables : 516
Total Line Count : 4

 Total Simulation Time: 0.156001 sec

 Current Memory Usage: 681.464 Meg

Tue Feb 02 13:48:00 2016

