Command line:
   CE2_Orner_HA_CE2_Orner_HA_sch_tb_isim_beh.exe
     -simmode  gui
     -simrunnum  0
     -socket  65194

Thu Jan 21 21:38:05 2016


 Elaboration Time: 0.187201 sec

 Current Memory Usage: 681.464 Meg

 Total Signals          : 39
 Total Nets             : 29
 Total Signal Drivers   : 4
 Total Blocks           : 7
 Total Primitive Blocks : 5
 Total Processes        : 3
 Total Traceable Variables  : 13
 Total Scalar Nets and Variables : 512
Total Line Count : 11

 Total Simulation Time: 0.280802 sec

 Current Memory Usage: 681.464 Meg

Thu Jan 21 21:58:53 2016

