Command line:
   top_tb_isim_beh.exe
     -simmode  gui
     -simrunnum  0
     -socket  59884

Sun May 08 22:55:34 2016


 Elaboration Time: 0.265202 sec

 Current Memory Usage: 685.781 Meg

 Total Signals          : 145
 Total Nets             : 1727
 Total Signal Drivers   : 35
 Total Blocks           : 28
 Total Primitive Blocks : 23
 Total Processes        : 33
 Total Traceable Variables  : 21
 Total Scalar Nets and Variables : 2234
Total Line Count : 94

 Total Simulation Time: 0.265202 sec

 Current Memory Usage: 685.781 Meg

Sun May 08 22:55:37 2016

