Release 14.7 - xst P.20131013 (nt64)
Copyright (c) 1995-2013 Xilinx, Inc.  All rights reserved.
--> Parameter TMPDIR set to xst/projnav.tmp


Total REAL time to Xst completion: 1.00 secs
Total CPU time to Xst completion: 0.14 secs
 
--> Parameter xsthdpdir set to xst


Total REAL time to Xst completion: 1.00 secs
Total CPU time to Xst completion: 0.14 secs
 
--> Reading design: thunderbird_fsm.prj

TABLE OF CONTENTS
  1) Synthesis Options Summary
  2) HDL Compilation
  3) Design Hierarchy Analysis
  4) HDL Analysis
  5) HDL Synthesis
     5.1) HDL Synthesis Report
  6) Advanced HDL Synthesis
     6.1) Advanced HDL Synthesis Report
  7) Low Level Synthesis
  8) Partition Report
  9) Final Report
	9.1) Device utilization summary
	9.2) Partition Resource Summary
	9.3) TIMING REPORT


=========================================================================
*                      Synthesis Options Summary                        *
=========================================================================
---- Source Parameters
Input File Name                    : "thunderbird_fsm.prj"
Input Format                       : mixed
Ignore Synthesis Constraint File   : NO

---- Target Parameters
Output File Name                   : "thunderbird_fsm"
Output Format                      : NGC
Target Device                      : xc3s500e-4-fg320

---- Source Options
Top Module Name                    : thunderbird_fsm
Automatic FSM Extraction           : YES
FSM Encoding Algorithm             : Auto
Safe Implementation                : No
FSM Style                          : LUT
RAM Extraction                     : Yes
RAM Style                          : Auto
ROM Extraction                     : Yes
Mux Style                          : Auto
Decoder Extraction                 : YES
Priority Encoder Extraction        : Yes
Shift Register Extraction          : YES
Logical Shifter Extraction         : YES
XOR Collapsing                     : YES
ROM Style                          : Auto
Mux Extraction                     : Yes
Resource Sharing                   : YES
Asynchronous To Synchronous        : NO
Multiplier Style                   : Auto
Automatic Register Balancing       : No

---- Target Options
Add IO Buffers                     : YES
Global Maximum Fanout              : 100000
Add Generic Clock Buffer(BUFG)     : 24
Register Duplication               : YES
Slice Packing                      : YES
Optimize Instantiated Primitives   : NO
Use Clock Enable                   : Yes
Use Synchronous Set                : Yes
Use Synchronous Reset              : Yes
Pack IO Registers into IOBs        : Auto
Equivalent register Removal        : YES

---- General Options
Optimization Goal                  : Speed
Optimization Effort                : 1
Keep Hierarchy                     : No
Netlist Hierarchy                  : As_Optimized
RTL Output                         : Yes
Global Optimization                : AllClockNets
Read Cores                         : YES
Write Timing Constraints           : NO
Cross Clock Analysis               : NO
Hierarchy Separator                : /
Bus Delimiter                      : <>
Case Specifier                     : Maintain
Slice Utilization Ratio            : 100
BRAM Utilization Ratio             : 100
Verilog 2001                       : YES
Auto BRAM Packing                  : NO
Slice Utilization Ratio Delta      : 5

=========================================================================


=========================================================================
*                          HDL Compilation                              *
=========================================================================
Compiling vhdl file "C:/Users/C18Jacob.Orner/Documents/Schoolwork/Spring_2016/ECE_281/Labs_and_CEs/Lab3_Orner/thunderbird_fsm.vhf" in Library work.
Entity <and6_mxilinx_thunderbird_fsm> compiled.
Entity <and6_mxilinx_thunderbird_fsm> (Architecture <behavioral>) compiled.
Entity <thunderbird_fsm> compiled.
Entity <thunderbird_fsm> (Architecture <behavioral>) compiled.

=========================================================================
*                     Design Hierarchy Analysis                         *
=========================================================================
Analyzing hierarchy for entity <thunderbird_fsm> in library <work> (architecture <behavioral>).

Analyzing hierarchy for entity <AND6_MXILINX_thunderbird_fsm> in library <work> (architecture <behavioral>).


=========================================================================
*                            HDL Analysis                               *
=========================================================================
Analyzing Entity <thunderbird_fsm> in library <work> (Architecture <behavioral>).
    Set user-defined property "INIT =  0" for instance <XLXI_1> in unit <thunderbird_fsm>.
    Set user-defined property "INIT =  0" for instance <XLXI_2> in unit <thunderbird_fsm>.
    Set user-defined property "INIT =  0" for instance <XLXI_3> in unit <thunderbird_fsm>.
    Set user-defined property "HU_SET =  XLXI_18_0" for instance <XLXI_18> in unit <thunderbird_fsm>.
    Set user-defined property "HU_SET =  XLXI_55_1" for instance <XLXI_55> in unit <thunderbird_fsm>.
Entity <thunderbird_fsm> analyzed. Unit <thunderbird_fsm> generated.

Analyzing Entity <AND6_MXILINX_thunderbird_fsm> in library <work> (Architecture <behavioral>).
    Set user-defined property "RLOC =  X0Y0" for instance <I_36_93> in unit <AND6_MXILINX_thunderbird_fsm>.
    Set user-defined property "RLOC =  X0Y0" for instance <I_36_94> in unit <AND6_MXILINX_thunderbird_fsm>.
Entity <AND6_MXILINX_thunderbird_fsm> analyzed. Unit <AND6_MXILINX_thunderbird_fsm> generated.


=========================================================================
*                           HDL Synthesis                               *
=========================================================================

Performing bidirectional port resolution...

Synthesizing Unit <AND6_MXILINX_thunderbird_fsm>.
    Related source file is "C:/Users/C18Jacob.Orner/Documents/Schoolwork/Spring_2016/ECE_281/Labs_and_CEs/Lab3_Orner/thunderbird_fsm.vhf".
WARNING:Xst:653 - Signal <dummy> is used but never assigned. This sourceless signal will be automatically connected to value 0.
Unit <AND6_MXILINX_thunderbird_fsm> synthesized.


Synthesizing Unit <thunderbird_fsm>.
    Related source file is "C:/Users/C18Jacob.Orner/Documents/Schoolwork/Spring_2016/ECE_281/Labs_and_CEs/Lab3_Orner/thunderbird_fsm.vhf".
Unit <thunderbird_fsm> synthesized.


=========================================================================
HDL Synthesis Report

Found no macro
=========================================================================

=========================================================================
*                       Advanced HDL Synthesis                          *
=========================================================================


=========================================================================
Advanced HDL Synthesis Report

Macro Statistics
# Registers                                            : 3
 Flip-Flops                                            : 3

=========================================================================

=========================================================================
*                         Low Level Synthesis                           *
=========================================================================

Optimizing unit <thunderbird_fsm> ...

Optimizing unit <AND6_MXILINX_thunderbird_fsm> ...

Mapping all equations...
Building and optimizing final netlist ...
Found area constraint ratio of 100 (+ 5) on block thunderbird_fsm, actual ratio is 0.
WARNING:Xst:387 - The KEEP property attached to the net <XLXI_55/I35> may hinder timing optimization.
   You may achieve better results by removing this property
WARNING:Xst:387 - The KEEP property attached to the net <XLXI_55/O_DUMMY> may hinder timing optimization.
   You may achieve better results by removing this property
WARNING:Xst:387 - The KEEP property attached to the net <XLXI_18/I35> may hinder timing optimization.
   You may achieve better results by removing this property
WARNING:Xst:387 - The KEEP property attached to the net <XLXI_18/O_DUMMY> may hinder timing optimization.
   You may achieve better results by removing this property

Final Macro Processing ...

=========================================================================
Final Register Report

Macro Statistics
# Registers                                            : 3
 Flip-Flops                                            : 3

=========================================================================

=========================================================================
*                           Partition Report                            *
=========================================================================

Partition Implementation Status
-------------------------------

  No Partitions were found in this design.

-------------------------------

=========================================================================
*                            Final Report                               *
=========================================================================
Final Results
RTL Top Level Output File Name     : thunderbird_fsm.ngr
Top Level Output File Name         : thunderbird_fsm
Output Format                      : NGC
Optimization Goal                  : Speed
Keep Hierarchy                     : No

Design Statistics
# IOs                              : 10

Cell Usage :
# BELS                             : 39
#      AND2                        : 5
#      AND3                        : 10
#      AND4                        : 4
#      GND                         : 2
#      INV                         : 12
#      OR2                         : 4
#      OR3                         : 2
# FlipFlops/Latches                : 3
#      FD                          : 3
# Clock Buffers                    : 1
#      BUFGP                       : 1
# IO Buffers                       : 9
#      IBUF                        : 3
#      OBUF                        : 6
# Others                           : 4
#      FMAP                        : 4
=========================================================================

Device utilization summary:
---------------------------

Selected Device : 3s500efg320-4 

 Number of Slices:                        6  out of   4656     0%  
 Number of Slice Flip Flops:              3  out of   9312     0%  
 Number of 4 input LUTs:                 12  out of   9312     0%  
 Number of IOs:                          10
 Number of bonded IOBs:                  10  out of    232     4%  
 Number of GCLKs:                         1  out of     24     4%  

---------------------------
Partition Resource Summary:
---------------------------

  No Partitions were found in this design.

---------------------------


=========================================================================
TIMING REPORT

NOTE: THESE TIMING NUMBERS ARE ONLY A SYNTHESIS ESTIMATE.
      FOR ACCURATE TIMING INFORMATION PLEASE REFER TO THE TRACE REPORT
      GENERATED AFTER PLACE-and-ROUTE.

Clock Information:
------------------
-----------------------------------+------------------------+-------+
Clock Signal                       | Clock buffer(FF name)  | Load  |
-----------------------------------+------------------------+-------+
clk                                | BUFGP                  | 3     |
-----------------------------------+------------------------+-------+

Asynchronous Control Signals Information:
----------------------------------------
No asynchronous control signals found in this design

Timing Summary:
---------------
Speed Grade: -4

   Minimum period: 6.490ns (Maximum Frequency: 154.083MHz)
   Minimum input arrival time before clock: 6.779ns
   Maximum output required time after clock: 8.196ns
   Maximum combinational path delay: No path found

Timing Detail:
--------------
All values displayed in nanoseconds (ns)

=========================================================================
Timing constraint: Default period analysis for Clock 'clk'
  Clock period: 6.490ns (frequency: 154.083MHz)
  Total number of paths / destination ports: 20 / 3
-------------------------------------------------------------------------
Delay:               6.490ns (Levels of Logic = 5)
  Source:            XLXI_1 (FF)
  Destination:       XLXI_1 (FF)
  Source Clock:      clk rising
  Destination Clock: clk rising

  Data Path: XLXI_1 to XLXI_1
                                Gate     Net
    Cell:in->out      fanout   Delay   Delay  Logical Name (Net Name)
    ----------------------------------------  ------------
     FD:C->Q              10   0.591   0.882  XLXI_1 (XLXN_263)
     INV:I->O              5   0.704   0.633  XLXI_10 (XLXN_181)
     begin scope: 'XLXI_55'
     AND3:I1->O            1   0.704   0.420  I_36_69 (I35)
     AND4:I3->O            1   0.704   0.420  I_36_85 (O_DUMMY)
     end scope: 'XLXI_55'
     OR3:I2->O             1   0.704   0.420  XLXI_14 (XLXN_24)
     FD:D                      0.308          XLXI_1
    ----------------------------------------
    Total                      6.490ns (3.715ns logic, 2.775ns route)
                                       (57.2% logic, 42.8% route)

=========================================================================
Timing constraint: Default OFFSET IN BEFORE for Clock 'clk'
  Total number of paths / destination ports: 12 / 3
-------------------------------------------------------------------------
Offset:              6.779ns (Levels of Logic = 6)
  Source:            Reset (PAD)
  Destination:       XLXI_1 (FF)
  Destination Clock: clk rising

  Data Path: Reset to XLXI_1
                                Gate     Net
    Cell:in->out      fanout   Delay   Delay  Logical Name (Net Name)
    ----------------------------------------  ------------
     IBUF:I->O             1   1.218   0.420  Reset_IBUF (Reset_IBUF)
     INV:I->O              8   0.704   0.757  XLXI_11 (XLXN_48)
     begin scope: 'XLXI_55'
     AND3:I2->O            1   0.704   0.420  I_36_69 (I35)
     AND4:I3->O            1   0.704   0.420  I_36_85 (O_DUMMY)
     end scope: 'XLXI_55'
     OR3:I2->O             1   0.704   0.420  XLXI_14 (XLXN_24)
     FD:D                      0.308          XLXI_1
    ----------------------------------------
    Total                      6.779ns (4.342ns logic, 2.437ns route)
                                       (64.1% logic, 35.9% route)

=========================================================================
Timing constraint: Default OFFSET OUT AFTER for Clock 'clk'
  Total number of paths / destination ports: 22 / 6
-------------------------------------------------------------------------
Offset:              8.196ns (Levels of Logic = 4)
  Source:            XLXI_3 (FF)
  Destination:       lights_L<1> (PAD)
  Source Clock:      clk rising

  Data Path: XLXI_3 to lights_L<1>
                                Gate     Net
    Cell:in->out      fanout   Delay   Delay  Logical Name (Net Name)
    ----------------------------------------  ------------
     FD:C->Q              12   0.591   0.961  XLXI_3 (XLXN_183)
     INV:I->O              1   0.704   0.420  XLXI_105 (XLXN_278)
     AND3:I2->O            1   0.704   0.420  XLXI_103 (XLXN_280)
     OR2:I1->O             1   0.704   0.420  XLXI_101 (lights_L_1_OBUF)
     OBUF:I->O                 3.272          lights_L_1_OBUF (lights_L<1>)
    ----------------------------------------
    Total                      8.196ns (5.975ns logic, 2.221ns route)
                                       (72.9% logic, 27.1% route)

=========================================================================


Total REAL time to Xst completion: 5.00 secs
Total CPU time to Xst completion: 4.77 secs
 
--> 

Total memory usage is 283788 kilobytes

Number of errors   :    0 (   0 filtered)
Number of warnings :    5 (   0 filtered)
Number of infos    :    0 (   0 filtered)

