Running: C:\Xilinx\14.7\ISE_DS\ISE\bin\nt64\unwrapped\fuse.exe -intstyle ise -incremental -o C:/Users/C18Jacob.Orner/Documents/Schoolwork/Spring_2016/ECE_281/Labs_and_CEs/CE2_Orner/CE2_Orner_HA_CE2_Orner_HA_sch_tb_isim_beh.exe -prj C:/Users/C18Jacob.Orner/Documents/Schoolwork/Spring_2016/ECE_281/Labs_and_CEs/CE2_Orner/CE2_Orner_HA_CE2_Orner_HA_sch_tb_beh.prj work.CE2_Orner_HA_CE2_Orner_HA_sch_tb 
ISim P.20131013 (signature 0x7708f090)
Number of CPUs detected in this system: 4
Turning on mult-threading, number of parallel sub-compilation jobs: 8 
Determining compilation order of HDL files
Parsing VHDL file "C:/Users/C18Jacob.Orner/Documents/Schoolwork/Spring_2016/ECE_281/Labs_and_CEs/CE2_Orner/CE2_Orner_HA.vhf" into library work
Parsing VHDL file "C:/Users/C18Jacob.Orner/Documents/Schoolwork/Spring_2016/ECE_281/Labs_and_CEs/CE2_Orner/CE2_Orner_tb.vhd" into library work
Starting static elaboration
Completed static elaboration
Compiling package standard
Compiling package std_logic_1164
Compiling package numeric_std
Compiling package vcomponents
Compiling architecture and2_v of entity AND2 [and2_default]
Compiling architecture xor2_v of entity XOR2 [xor2_default]
Compiling architecture behavioral of entity CE2_Orner_HA [ce2_orner_ha_default]
Compiling architecture behavioral of entity ce2_orner_ha_ce2_orner_ha_sch_tb
Time Resolution for simulation is 1ps.
Waiting for 1 sub-compilation(s) to finish...
Compiled 11 VHDL Units
Built simulation executable C:/Users/C18Jacob.Orner/Documents/Schoolwork/Spring_2016/ECE_281/Labs_and_CEs/CE2_Orner/CE2_Orner_HA_CE2_Orner_HA_sch_tb_isim_beh.exe
Fuse Memory Usage: 46264 KB
Fuse CPU Usage: 670 ms
