Command line:
   CE1_Orner_Top_CE1_Orner_Top_sch_tb_isim_beh.exe
     -simmode  gui
     -simrunnum  0
     -socket  57351

Wed Jan 13 21:09:02 2016


 Elaboration Time: 0.187201 sec

 Current Memory Usage: 683.561 Meg

 Total Signals          : 47
 Total Nets             : 32
 Total Signal Drivers   : 7
 Total Blocks           : 9
 Total Primitive Blocks : 7
 Total Processes        : 5
 Total Traceable Variables  : 13
 Total Scalar Nets and Variables : 515
Total Line Count : 21

 Total Simulation Time: 0.202801 sec

 Current Memory Usage: 683.561 Meg

Wed Jan 13 21:09:19 2016

