Running: C:\Xilinx\14.7\ISE_DS\ISE\bin\nt64\unwrapped\fuse.exe -intstyle ise -incremental -o C:/Users/C18Jacob.Orner/Documents/Schoolwork/Spring_2016/ECE_281/Labs_and_CEs/Lab3_Orner/thunderbird_fsm_thunderbird_fsm_sch_tb_isim_beh.exe -prj C:/Users/C18Jacob.Orner/Documents/Schoolwork/Spring_2016/ECE_281/Labs_and_CEs/Lab3_Orner/thunderbird_fsm_thunderbird_fsm_sch_tb_beh.prj work.thunderbird_fsm_thunderbird_fsm_sch_tb 
ISim P.20131013 (signature 0x7708f090)
Number of CPUs detected in this system: 4
Turning on mult-threading, number of parallel sub-compilation jobs: 8 
Determining compilation order of HDL files
Parsing VHDL file "C:/Users/C18Jacob.Orner/Documents/Schoolwork/Spring_2016/ECE_281/Labs_and_CEs/Lab3_Orner/thunderbird_fsm.vhf" into library work
Parsing VHDL file "C:/Users/C18Jacob.Orner/Documents/Schoolwork/Spring_2016/ECE_281/Labs_and_CEs/Lab3_Orner/thunderbird_fsm_tb.vhd" into library work
Starting static elaboration
Completed static elaboration
Compiling package standard
Compiling package std_logic_1164
Compiling package numeric_std
Compiling package vcomponents
Compiling architecture fd_v of entity FD [\FD('0')\]
Compiling architecture or2_v of entity OR2 [or2_default]
Compiling architecture and5_v of entity AND5 [and5_default]
Compiling architecture and3_v of entity AND3 [and3_default]
Compiling architecture inv_v of entity INV [inv_default]
Compiling architecture or3_v of entity OR3 [or3_default]
Compiling architecture and4_v of entity AND4 [and4_default]
Compiling architecture fmap_v of entity FMAP [fmap_default]
Compiling architecture behavioral of entity AND6_MXILINX_thunderbird_fsm [and6_mxilinx_thunderbird_fsm_def...]
Compiling architecture and2_v of entity AND2 [and2_default]
Compiling architecture behavioral of entity thunderbird_fsm [thunderbird_fsm_default]
Compiling architecture behavioral of entity thunderbird_fsm_thunderbird_fsm_...
Time Resolution for simulation is 1ps.
Waiting for 8 sub-compilation(s) to finish...
Compiled 27 VHDL Units
Built simulation executable C:/Users/C18Jacob.Orner/Documents/Schoolwork/Spring_2016/ECE_281/Labs_and_CEs/Lab3_Orner/thunderbird_fsm_thunderbird_fsm_sch_tb_isim_beh.exe
Fuse Memory Usage: 46788 KB
Fuse CPU Usage: 872 ms
