Command line:
   Orner_display_en_Orner_display_en_sch_tb_isim_beh.exe
     -simmode  gui
     -simrunnum  0
     -socket  52415

Tue Feb 02 13:50:29 2016


 Elaboration Time: 0.249602 sec

 Current Memory Usage: 681.464 Meg

 Total Signals          : 57
 Total Nets             : 33
 Total Signal Drivers   : 8
 Total Blocks           : 10
 Total Primitive Blocks : 7
 Total Processes        : 5
 Total Traceable Variables  : 13
 Total Scalar Nets and Variables : 516
Total Line Count : 37

 Total Simulation Time: 0.405603 sec

 Current Memory Usage: 681.464 Meg

Tue Feb 02 13:55:16 2016

