Release 14.7 - xst P.20131013 (nt64)
Copyright (c) 1995-2013 Xilinx, Inc.  All rights reserved.
--> Parameter TMPDIR set to xst/projnav.tmp


Total REAL time to Xst completion: 0.00 secs
Total CPU time to Xst completion: 0.17 secs
 
--> Parameter xsthdpdir set to xst


Total REAL time to Xst completion: 0.00 secs
Total CPU time to Xst completion: 0.17 secs
 
--> Reading design: Orner_Lab1_Top.prj

TABLE OF CONTENTS
  1) Synthesis Options Summary
  2) HDL Compilation
  3) Design Hierarchy Analysis
  4) HDL Analysis
  5) HDL Synthesis
     5.1) HDL Synthesis Report
  6) Advanced HDL Synthesis
     6.1) Advanced HDL Synthesis Report
  7) Low Level Synthesis
  8) Partition Report
  9) Final Report
	9.1) Device utilization summary
	9.2) Partition Resource Summary
	9.3) TIMING REPORT


=========================================================================
*                      Synthesis Options Summary                        *
=========================================================================
---- Source Parameters
Input File Name                    : "Orner_Lab1_Top.prj"
Input Format                       : mixed
Ignore Synthesis Constraint File   : NO

---- Target Parameters
Output File Name                   : "Orner_Lab1_Top"
Output Format                      : NGC
Target Device                      : xc3s500e-4-fg320

---- Source Options
Top Module Name                    : Orner_Lab1_Top
Automatic FSM Extraction           : YES
FSM Encoding Algorithm             : Auto
Safe Implementation                : No
FSM Style                          : LUT
RAM Extraction                     : Yes
RAM Style                          : Auto
ROM Extraction                     : Yes
Mux Style                          : Auto
Decoder Extraction                 : YES
Priority Encoder Extraction        : Yes
Shift Register Extraction          : YES
Logical Shifter Extraction         : YES
XOR Collapsing                     : YES
ROM Style                          : Auto
Mux Extraction                     : Yes
Resource Sharing                   : YES
Asynchronous To Synchronous        : NO
Multiplier Style                   : Auto
Automatic Register Balancing       : No

---- Target Options
Add IO Buffers                     : YES
Global Maximum Fanout              : 100000
Add Generic Clock Buffer(BUFG)     : 24
Register Duplication               : YES
Slice Packing                      : YES
Optimize Instantiated Primitives   : NO
Use Clock Enable                   : Yes
Use Synchronous Set                : Yes
Use Synchronous Reset              : Yes
Pack IO Registers into IOBs        : Auto
Equivalent register Removal        : YES

---- General Options
Optimization Goal                  : Speed
Optimization Effort                : 1
Keep Hierarchy                     : No
Netlist Hierarchy                  : As_Optimized
RTL Output                         : Yes
Global Optimization                : AllClockNets
Read Cores                         : YES
Write Timing Constraints           : NO
Cross Clock Analysis               : NO
Hierarchy Separator                : /
Bus Delimiter                      : <>
Case Specifier                     : Maintain
Slice Utilization Ratio            : 100
BRAM Utilization Ratio             : 100
Verilog 2001                       : YES
Auto BRAM Packing                  : NO
Slice Utilization Ratio Delta      : 5

=========================================================================


=========================================================================
*                          HDL Compilation                              *
=========================================================================
Compiling vhdl file "C:/Users/C18Jacob.Orner/Documents/Schoolwork/Spring_2016/ECE_281/Labs_and_CEs/ECE281_Lab1_Orner/Orner_Lab1_Top.vhf" in Library work.
Entity <orner_lab1_sseg_decoder_muser_orner_lab1_top> compiled.
Entity <orner_lab1_sseg_decoder_muser_orner_lab1_top> (Architecture <behavioral>) compiled.
Entity <inv4_mxilinx_orner_lab1_top> compiled.
Entity <inv4_mxilinx_orner_lab1_top> (Architecture <behavioral>) compiled.
Entity <orner_display_en_muser_orner_lab1_top> compiled.
Entity <orner_display_en_muser_orner_lab1_top> (Architecture <behavioral>) compiled.
Entity <orner_lab1_top> compiled.
Entity <orner_lab1_top> (Architecture <behavioral>) compiled.
Compiling vhdl file "C:/Users/C18Jacob.Orner/Documents/Schoolwork/Spring_2016/ECE_281/Labs_and_CEs/ECE281_Lab1_Orner/Orner_display_en.vhf" in Library work.
Architecture behavioral of Entity inv4_mxilinx_orner_display_en is up to date.
Architecture behavioral of Entity orner_display_en is up to date.
Compiling vhdl file "C:/Users/C18Jacob.Orner/Documents/Schoolwork/Spring_2016/ECE_281/Labs_and_CEs/ECE281_Lab1_Orner/Orner_Lab1_sseg_decoder.vhf" in Library work.
Architecture behavioral of Entity orner_lab1_sseg_decoder is up to date.

=========================================================================
*                     Design Hierarchy Analysis                         *
=========================================================================
Analyzing hierarchy for entity <Orner_Lab1_Top> in library <work> (architecture <behavioral>).

Analyzing hierarchy for entity <Orner_display_en_MUSER_Orner_Lab1_Top> in library <work> (architecture <behavioral>).

Analyzing hierarchy for entity <Orner_Lab1_sseg_decoder_MUSER_Orner_Lab1_Top> in library <work> (architecture <behavioral>).

Analyzing hierarchy for entity <INV4_MXILINX_Orner_Lab1_Top> in library <work> (architecture <behavioral>).


=========================================================================
*                            HDL Analysis                               *
=========================================================================
Analyzing Entity <Orner_Lab1_Top> in library <work> (Architecture <behavioral>).
Entity <Orner_Lab1_Top> analyzed. Unit <Orner_Lab1_Top> generated.

Analyzing Entity <Orner_display_en_MUSER_Orner_Lab1_Top> in library <work> (Architecture <behavioral>).
    Set user-defined property "HU_SET =  XLXI_11_0" for instance <XLXI_11> in unit <Orner_display_en_MUSER_Orner_Lab1_Top>.
Entity <Orner_display_en_MUSER_Orner_Lab1_Top> analyzed. Unit <Orner_display_en_MUSER_Orner_Lab1_Top> generated.

Analyzing Entity <INV4_MXILINX_Orner_Lab1_Top> in library <work> (Architecture <behavioral>).
Entity <INV4_MXILINX_Orner_Lab1_Top> analyzed. Unit <INV4_MXILINX_Orner_Lab1_Top> generated.

Analyzing Entity <Orner_Lab1_sseg_decoder_MUSER_Orner_Lab1_Top> in library <work> (Architecture <behavioral>).
    Set user-defined property "INIT =  3812" for instance <XLXI_1> in unit <Orner_Lab1_sseg_decoder_MUSER_Orner_Lab1_Top>.
    Set user-defined property "INIT =  D860" for instance <XLXI_3> in unit <Orner_Lab1_sseg_decoder_MUSER_Orner_Lab1_Top>.
    Set user-defined property "INIT =  D004" for instance <XLXI_4> in unit <Orner_Lab1_sseg_decoder_MUSER_Orner_Lab1_Top>.
    Set user-defined property "INIT =  8692" for instance <XLXI_5> in unit <Orner_Lab1_sseg_decoder_MUSER_Orner_Lab1_Top>.
    Set user-defined property "INIT =  02BA" for instance <XLXI_6> in unit <Orner_Lab1_sseg_decoder_MUSER_Orner_Lab1_Top>.
    Set user-defined property "INIT =  308E" for instance <XLXI_7> in unit <Orner_Lab1_sseg_decoder_MUSER_Orner_Lab1_Top>.
Entity <Orner_Lab1_sseg_decoder_MUSER_Orner_Lab1_Top> analyzed. Unit <Orner_Lab1_sseg_decoder_MUSER_Orner_Lab1_Top> generated.


=========================================================================
*                           HDL Synthesis                               *
=========================================================================

Performing bidirectional port resolution...

Synthesizing Unit <Orner_Lab1_sseg_decoder_MUSER_Orner_Lab1_Top>.
    Related source file is "C:/Users/C18Jacob.Orner/Documents/Schoolwork/Spring_2016/ECE_281/Labs_and_CEs/ECE281_Lab1_Orner/Orner_Lab1_Top.vhf".
Unit <Orner_Lab1_sseg_decoder_MUSER_Orner_Lab1_Top> synthesized.


Synthesizing Unit <INV4_MXILINX_Orner_Lab1_Top>.
    Related source file is "C:/Users/C18Jacob.Orner/Documents/Schoolwork/Spring_2016/ECE_281/Labs_and_CEs/ECE281_Lab1_Orner/Orner_Lab1_Top.vhf".
Unit <INV4_MXILINX_Orner_Lab1_Top> synthesized.


Synthesizing Unit <Orner_display_en_MUSER_Orner_Lab1_Top>.
    Related source file is "C:/Users/C18Jacob.Orner/Documents/Schoolwork/Spring_2016/ECE_281/Labs_and_CEs/ECE281_Lab1_Orner/Orner_Lab1_Top.vhf".
Unit <Orner_display_en_MUSER_Orner_Lab1_Top> synthesized.


Synthesizing Unit <Orner_Lab1_Top>.
    Related source file is "C:/Users/C18Jacob.Orner/Documents/Schoolwork/Spring_2016/ECE_281/Labs_and_CEs/ECE281_Lab1_Orner/Orner_Lab1_Top.vhf".
Unit <Orner_Lab1_Top> synthesized.


=========================================================================
HDL Synthesis Report

Found no macro
=========================================================================

=========================================================================
*                       Advanced HDL Synthesis                          *
=========================================================================


=========================================================================
Advanced HDL Synthesis Report

Found no macro
=========================================================================

=========================================================================
*                         Low Level Synthesis                           *
=========================================================================

Optimizing unit <Orner_Lab1_Top> ...

Optimizing unit <Orner_Lab1_sseg_decoder_MUSER_Orner_Lab1_Top> ...

Optimizing unit <INV4_MXILINX_Orner_Lab1_Top> ...

Mapping all equations...
Building and optimizing final netlist ...
Found area constraint ratio of 100 (+ 5) on block Orner_Lab1_Top, actual ratio is 0.

Final Macro Processing ...

=========================================================================
Final Register Report

Found no macro
=========================================================================

=========================================================================
*                           Partition Report                            *
=========================================================================

Partition Implementation Status
-------------------------------

  No Partitions were found in this design.

-------------------------------

=========================================================================
*                            Final Report                               *
=========================================================================
Final Results
RTL Top Level Output File Name     : Orner_Lab1_Top.ngr
Top Level Output File Name         : Orner_Lab1_Top
Output Format                      : NGC
Optimization Goal                  : Speed
Keep Hierarchy                     : No

Design Statistics
# IOs                              : 19

Cell Usage :
# BELS                             : 16
#      AND3                        : 1
#      AND4                        : 1
#      INV                         : 7
#      LUT4                        : 6
#      OR2                         : 1
# IO Buffers                       : 19
#      IBUF                        : 8
#      OBUF                        : 11
=========================================================================

Device utilization summary:
---------------------------

Selected Device : 3s500efg320-4 

 Number of Slices:                        7  out of   4656     0%  
 Number of 4 input LUTs:                 13  out of   9312     0%  
 Number of IOs:                          19
 Number of bonded IOBs:                  19  out of    232     8%  

---------------------------
Partition Resource Summary:
---------------------------

  No Partitions were found in this design.

---------------------------


=========================================================================
TIMING REPORT

NOTE: THESE TIMING NUMBERS ARE ONLY A SYNTHESIS ESTIMATE.
      FOR ACCURATE TIMING INFORMATION PLEASE REFER TO THE TRACE REPORT
      GENERATED AFTER PLACE-and-ROUTE.

Clock Information:
------------------
No clock signals found in this design

Asynchronous Control Signals Information:
----------------------------------------
No asynchronous control signals found in this design

Timing Summary:
---------------
Speed Grade: -4

   Minimum period: No path found
   Minimum input arrival time before clock: No path found
   Maximum output required time after clock: No path found
   Maximum combinational path delay: 8.619ns

Timing Detail:
--------------
All values displayed in nanoseconds (ns)

=========================================================================
Timing constraint: Default path analysis
  Total number of paths / destination ports: 35 / 11
-------------------------------------------------------------------------
Delay:               8.619ns (Levels of Logic = 5)
  Source:            btn1 (PAD)
  Destination:       sseg_g (PAD)

  Data Path: btn1 to sseg_g
                                Gate     Net
    Cell:in->out      fanout   Delay   Delay  Logical Name (Net Name)
    ----------------------------------------  ------------
     IBUF:I->O             8   1.218   0.757  btn1_IBUF (btn1_IBUF)
     INV:I->O              1   0.704   0.420  XLXI_2/XLXI_13 (XLXI_2/XLXN_67)
     AND3:I0->O            1   0.704   0.420  XLXI_2/XLXI_9 (XLXI_2/XLXN_45)
     OR2:I1->O             1   0.704   0.420  XLXI_2/XLXI_8 (sseg_g_OBUF)
     OBUF:I->O                 3.272          sseg_g_OBUF (sseg_g)
    ----------------------------------------
    Total                      8.619ns (6.602ns logic, 2.017ns route)
                                       (76.6% logic, 23.4% route)

=========================================================================


Total REAL time to Xst completion: 5.00 secs
Total CPU time to Xst completion: 4.80 secs
 
--> 

Total memory usage is 268684 kilobytes

Number of errors   :    0 (   0 filtered)
Number of warnings :    0 (   0 filtered)
Number of infos    :    0 (   0 filtered)

